1621883676698:cmtt
1621883680777:cmt
1621883686001:comments
1621883720124:cmt
1621884243726:1
1621884251636:cmt
1621886308627:сье
1621886311163:cmt
1621887151911:сье
1621887153984:cmt
1622054356069:CMT
1622054358616:cmt
1622112709628:lib
1622113477520:cmt
1622113485013:lib
1622115015489:cmt
1622116404611:del
1622116518644:вуд
1622116521217:del
1622117004329:lib
1622117619290:del
1622117633848:lib
1622126050321:del
1622126176736:cmt 1
1622126181992:cmt 2
1622126187629:cmt3
1622126192797:cmt 3
1622126197222:cmt 4
1622126277764:del Как я трахнул вашу маму
1622127093962:del
1622127110155:dal пошелнахуй
1622127122585:del fuckyou
1622127283196:del Хроники амбера
1622127334657:del "Хроники амбера"
1622127366534:del Древний
1622127392198:del "Хроники Амбера"
1622127933346:del "хроники амбера"
1622127979545:del "хроники абера"
1622127998101:del "хроники амбера"
